[INFO ] 2018-01-17T05:39:03,302Z [main] manifests.Manifests.info - 106 attributes loaded from 106 stream(s) in 13s, 106 saved, 1566 ignored: ["ActiveMQ-Version", "Agent-Class", "Ant-Version", "App-Class-Path", "Application-Class", "Application-Library-Allowable-Codebase", "Application-Name", "Application-Version", "Archiver-Version", "Bnd-LastModified", "Branch", "Build-Date", "Build-Host", "Build-Id", "Build-Java-Version", "Build-Jdk", "Build-Job", "Build-Number", "Build-Timestamp", "Built-By", "Built-OS", "Built-Status", "Bundle-Activator", "Bundle-Category", "Bundle-ClassPath", "Bundle-Description", "Bundle-DocURL", "Bundle-License", "Bundle-ManifestVersion", "Bundle-Name", "Bundle-RequiredExecutionEnvironment", "Bundle-SymbolicName", "Bundle-Vendor", "Bundle-Version", "Caller-Allowable-Codebase", "Can-Redefine-Classes", "Can-Retransform-Classes", "Caplets", "Change", "Codebase", "Corda-Platform-Version", "Corda-Release-Version", "Corda-Revision", "Corda-Vendor", "Created-By", "DynamicImport-Package", "Eclipse-BuddyPolicy", "Eclipse-LazyStart", "Export-Package", "Extension-Name", "Fragment-Host", "Gradle-Version", "Ignore-Package", "Implementation-Build", "Implementation-Build-Date", "Implementation-Title", "Implementation-URL", "Implementation-Url", "Implementation-Vendor", "Implementation-Vendor-Id", "Implementation-Version", "Import-Package", "Include-Resource", "JCabi-Build", "JCabi-Date", "JCabi-Version", "JVM-Args", "Java-Agents", "Java-Vendor", "Java-Version", "Kotlin-Runtime-Component", "Kotlin-Version", "Log4jReleaseKey", "Log4jReleaseManager", "Log4jReleaseVersion", "Main-Class", "Main-class", "Manifest-Version", "Min-Java-Version", "Min-Update-Version", "Module-Email", "Module-Origin", "Module-Owner", "Module-Source", "Originally-Created-By", "Os-Arch", "Os-Name", "Os-Version", "Package", "Permissions", "Premain-Class", "Private-Package", "Provide-Capability", "Require-Capability", "Scm-Connection", "Scm-Revision", "Scm-Url", "Service-Component", "Specification-Title", "Specification-Vendor", "Specification-Version", "System-Properties", "Tool", "Trusted-Library", "X-Compile-Source-JDK", "X-Compile-Target-JDK"]
[INFO ] 2018-01-17T05:39:06,076Z [main] BasicInfo.printBasicNodeInfo - Logs can be found in                    : C:\Users\soumi\Documents\CTS\Jan 2018 - Blockchain Hackaton\Corda\obligation-cordapp-master\java-source\build\nodes\PartyC\logs
[INFO ] 2018-01-17T05:39:06,766Z [main] config.ConfigHelper.loadConfig - Config:
{
    # hardcoded value
    "baseDirectory" : "C:\\Users\\soumi\\Documents\\CTS\\Jan 2018 - Blockchain Hackaton\\Corda\\obligation-cordapp-master\\java-source\\build\\nodes\\PartyC",
    # reference.conf @ jar:file:/C:/Users/soumi/AppData/Local/capsule/apps/net.corda.node.Corda_1.0.0/corda-node-1.0.0.jar!/reference.conf: 22
    "bftSMaRt" : {
        # reference.conf @ jar:file:/C:/Users/soumi/AppData/Local/capsule/apps/net.corda.node.Corda_1.0.0/corda-node-1.0.0.jar!/reference.conf: 24
        "debug" : false,
        # reference.conf @ jar:file:/C:/Users/soumi/AppData/Local/capsule/apps/net.corda.node.Corda_1.0.0/corda-node-1.0.0.jar!/reference.conf: 23
        "replicaId" : -1
    },
    # reference.conf @ jar:file:/C:/Users/soumi/AppData/Local/capsule/apps/net.corda.node.Corda_1.0.0/corda-node-1.0.0.jar!/reference.conf: 17
    "certificateSigningService" : "https://cordaci-netperm.corda.r3cev.com",
    # reference.conf @ jar:file:/C:/Users/soumi/AppData/Local/capsule/apps/net.corda.node.Corda_1.0.0/corda-node-1.0.0.jar!/reference.conf: 6
    "dataSourceProperties" : {
        # reference.conf @ jar:file:/C:/Users/soumi/AppData/Local/capsule/apps/net.corda.node.Corda_1.0.0/corda-node-1.0.0.jar!/reference.conf: 10
        "dataSource.password" : "",
        # merge of reference.conf @ jar:file:/C:/Users/soumi/AppData/Local/capsule/apps/net.corda.node.Corda_1.0.0/corda-node-1.0.0.jar!/reference.conf: 8,hardcoded value,reference.conf @ jar:file:/C:/Users/soumi/AppData/Local/capsule/apps/net.corda.node.Corda_1.0.0/corda-node-1.0.0.jar!/reference.conf: 8,reference.conf @ jar:file:/C:/Users/soumi/AppData/Local/capsule/apps/net.corda.node.Corda_1.0.0/corda-node-1.0.0.jar!/reference.conf: 19
        "dataSource.url" : "jdbc:h2:file:C:\\Users\\soumi\\Documents\\CTS\\Jan 2018 - Blockchain Hackaton\\Corda\\obligation-cordapp-master\\java-source\\build\\nodes\\PartyC/persistence;DB_CLOSE_ON_EXIT=FALSE;LOCK_TIMEOUT=10000;WRITE_DELAY=100;AUTO_SERVER_PORT=0",
        # reference.conf @ jar:file:/C:/Users/soumi/AppData/Local/capsule/apps/net.corda.node.Corda_1.0.0/corda-node-1.0.0.jar!/reference.conf: 9
        "dataSource.user" : "sa",
        # reference.conf @ jar:file:/C:/Users/soumi/AppData/Local/capsule/apps/net.corda.node.Corda_1.0.0/corda-node-1.0.0.jar!/reference.conf: 7
        "dataSourceClassName" : "org.h2.jdbcx.JdbcDataSource"
    },
    # reference.conf @ jar:file:/C:/Users/soumi/AppData/Local/capsule/apps/net.corda.node.Corda_1.0.0/corda-node-1.0.0.jar!/reference.conf: 12
    "database" : {
        # reference.conf @ jar:file:/C:/Users/soumi/AppData/Local/capsule/apps/net.corda.node.Corda_1.0.0/corda-node-1.0.0.jar!/reference.conf: 14
        "initDatabase" : true,
        # reference.conf @ jar:file:/C:/Users/soumi/AppData/Local/capsule/apps/net.corda.node.Corda_1.0.0/corda-node-1.0.0.jar!/reference.conf: 13
        "transactionIsolationLevel" : "repeatableRead"
    },
    # reference.conf @ jar:file:/C:/Users/soumi/AppData/Local/capsule/apps/net.corda.node.Corda_1.0.0/corda-node-1.0.0.jar!/reference.conf: 16
    "devMode" : true,
    # reference.conf @ jar:file:/C:/Users/soumi/AppData/Local/capsule/apps/net.corda.node.Corda_1.0.0/corda-node-1.0.0.jar!/reference.conf: 2
    "emailAddress" : "admin@company.com",
    # reference.conf @ jar:file:/C:/Users/soumi/AppData/Local/capsule/apps/net.corda.node.Corda_1.0.0/corda-node-1.0.0.jar!/reference.conf: 3
    "exportJMXto" : "http",
    # C:\Users\soumi\Documents\CTS\Jan 2018 - Blockchain Hackaton\Corda\obligation-cordapp-master\java-source\build\nodes\PartyC\node.conf: 1
    "extraAdvertisedServiceIds" : [],
    # reference.conf @ jar:file:/C:/Users/soumi/AppData/Local/capsule/apps/net.corda.node.Corda_1.0.0/corda-node-1.0.0.jar!/reference.conf: 19
    "h2port" : 0,
    # reference.conf @ jar:file:/C:/Users/soumi/AppData/Local/capsule/apps/net.corda.node.Corda_1.0.0/corda-node-1.0.0.jar!/reference.conf: 4
    "keyStorePassword" : "cordacadevpass",
    # C:\Users\soumi\Documents\CTS\Jan 2018 - Blockchain Hackaton\Corda\obligation-cordapp-master\java-source\build\nodes\PartyC\node.conf: 2
    "myLegalName" : "O=PartyC,L=Paris,C=FR",
    # C:\Users\soumi\Documents\CTS\Jan 2018 - Blockchain Hackaton\Corda\obligation-cordapp-master\java-source\build\nodes\PartyC\node.conf: 3
    "networkMapService" : {
        # C:\Users\soumi\Documents\CTS\Jan 2018 - Blockchain Hackaton\Corda\obligation-cordapp-master\java-source\build\nodes\PartyC\node.conf: 4
        "address" : "localhost:10002",
        # C:\Users\soumi\Documents\CTS\Jan 2018 - Blockchain Hackaton\Corda\obligation-cordapp-master\java-source\build\nodes\PartyC\node.conf: 5
        "legalName" : "O=Controller,L=London,C=GB"
    },
    # C:\Users\soumi\Documents\CTS\Jan 2018 - Blockchain Hackaton\Corda\obligation-cordapp-master\java-source\build\nodes\PartyC\node.conf: 7
    "p2pAddress" : "localhost:10011",
    # C:\Users\soumi\Documents\CTS\Jan 2018 - Blockchain Hackaton\Corda\obligation-cordapp-master\java-source\build\nodes\PartyC\node.conf: 8
    "rpcAddress" : "localhost:10012",
    # C:\Users\soumi\Documents\CTS\Jan 2018 - Blockchain Hackaton\Corda\obligation-cordapp-master\java-source\build\nodes\PartyC\node.conf: 9
    "rpcUsers" : [
        # C:\Users\soumi\Documents\CTS\Jan 2018 - Blockchain Hackaton\Corda\obligation-cordapp-master\java-source\build\nodes\PartyC\node.conf: 10
        {
            # C:\Users\soumi\Documents\CTS\Jan 2018 - Blockchain Hackaton\Corda\obligation-cordapp-master\java-source\build\nodes\PartyC\node.conf: 11
            "password" : "test",
            # C:\Users\soumi\Documents\CTS\Jan 2018 - Blockchain Hackaton\Corda\obligation-cordapp-master\java-source\build\nodes\PartyC\node.conf: 12
            "permissions" : [],
            # C:\Users\soumi\Documents\CTS\Jan 2018 - Blockchain Hackaton\Corda\obligation-cordapp-master\java-source\build\nodes\PartyC\node.conf: 13
            "user" : "user1"
        }
    ],
    # reference.conf @ jar:file:/C:/Users/soumi/AppData/Local/capsule/apps/net.corda.node.Corda_1.0.0/corda-node-1.0.0.jar!/reference.conf: 5
    "trustStorePassword" : "trustpass",
    # reference.conf @ jar:file:/C:/Users/soumi/AppData/Local/capsule/apps/net.corda.node.Corda_1.0.0/corda-node-1.0.0.jar!/reference.conf: 18
    "useHTTPS" : false,
    # reference.conf @ jar:file:/C:/Users/soumi/AppData/Local/capsule/apps/net.corda.node.Corda_1.0.0/corda-node-1.0.0.jar!/reference.conf: 20
    "useTestClock" : false,
    # reference.conf @ jar:file:/C:/Users/soumi/AppData/Local/capsule/apps/net.corda.node.Corda_1.0.0/corda-node-1.0.0.jar!/reference.conf: 21
    "verifierType" : "InMemory",
    # C:\Users\soumi\Documents\CTS\Jan 2018 - Blockchain Hackaton\Corda\obligation-cordapp-master\java-source\build\nodes\PartyC\node.conf: 16
    "webAddress" : "localhost:10013"
}

[WARN ] 2018-01-17T05:39:07,776Z [main] nodeapi.config.defaultToOldPath - Config key user has been deprecated and will be removed in a future release. Use username instead
[INFO ] 2018-01-17T05:39:07,808Z [main] internal.Node.logStartupInfo - Vendor: Corda Open Source
[INFO ] 2018-01-17T05:39:07,808Z [main] internal.Node.logStartupInfo - Release: 1.0.0
[INFO ] 2018-01-17T05:39:07,808Z [main] internal.Node.logStartupInfo - Platform Version: 1
[INFO ] 2018-01-17T05:39:07,808Z [main] internal.Node.logStartupInfo - Revision: 31be2a49176560f1d82053c464faa83b8dd52deb
[INFO ] 2018-01-17T05:39:07,808Z [main] internal.Node.logStartupInfo - PID: 6732
[INFO ] 2018-01-17T05:39:07,808Z [main] internal.Node.logStartupInfo - Main class: /C:/Users/soumi/AppData/Local/capsule/apps/net.corda.node.Corda_1.0.0/corda-node-1.0.0.jar
[INFO ] 2018-01-17T05:39:07,808Z [main] internal.Node.logStartupInfo - CommandLine Args: -Xmx200m -XX:+UseG1GC -agentlib:jdwp=transport=dt_socket,server=y,suspend=n,address=5010 -javaagent:C:\Users\soumi\Documents\CTS\Jan 2018 - Blockchain Hackaton\Corda\obligation-cordapp-master\java-source\build\nodes\PartyC\corda.jar -javaagent:C:\Users\soumi\AppData\Local\capsule\apps\net.corda.node.Corda_1.0.0\quasar-core-0.7.9-jdk8.jar=x(antlr**;bftsmart**;ch**;co.paralleluniverse**;com.codahale**;com.esotericsoftware**;com.fasterxml**;com.google**;com.ibm**;com.intellij**;com.jcabi**;com.nhaarman**;com.opengamma**;com.typesafe**;com.zaxxer**;de.javakaffee**;groovy**;groovyjarjarantlr**;groovyjarjarasm**;io.atomix**;io.github**;io.netty**;jdk**;joptsimple**;junit**;kotlin**;net.bytebuddy**;net.i2p**;org.apache**;org.assertj**;org.bouncycastle**;org.codehaus**;org.crsh**;org.dom4j**;org.fusesource**;org.h2**;org.hamcrest**;org.hibernate**;org.jboss**;org.jcp**;org.joda**;org.junit**;org.mockito**;org.objectweb**;org.objenesis**;org.slf4j**;org.w3c**;org.xml**;org.yaml**;reflectasm**;rx**) -Dcapsule.address=0.0.0.0 -Dvisualvm.display.name=Corda -Djava.library.path=C:\Program Files\Java\jre1.8.0_144\bin;C:\WINDOWS\Sun\Java\bin;C:\WINDOWS\system32;C:\WINDOWS;C:\Program Files (x86)\Intel\iCLS Client;C:\Program Files\Intel\iCLS Client;C:\ProgramData\Oracle\Java\javapath;C:\Users\soumi\Work\tools\apache-maven-3.3.9\bin;C:\WINDOWS\system32;C:\WINDOWS;C:\WINDOWS\System32\Wbem;C:\WINDOWS\System32\WindowsPowerShell\v1.0;C:\Program Files\Git\cmd;C:\Program Files\Java\jdk1.8.0_144;C:\Users\soumi\Work\tools\apache-ant-1.10.0\bin;C:\Users\soumi\Work\tools\php;C:\ProgramData\ComposerSetup\bin;C:\Users\soumi\Work\tools\phantomjs-2.1.1-windows\bin;C:\Program Files (x86)\Skype\Phone;C:\Program Files (x86)\Intel\Intel(R) Management Engine Components\DAL;C:\Program Files\Intel\Intel(R) Management Engine Components\DAL;C:\Program Files (x86)\Intel\Intel(R) Management Engine Components\IPT;C:\Program Files\Intel\Intel(R) Management Engine Components\IPT;C:\Program Files\Intel\WiFi\bin;C:\Program Files\Common Files\Intel\WirelessCommon;C:\Program Files\Java\jdk1.8.0_144;C:\Users\soumi\AppData\Local\Microsoft\WindowsApps;C:\Users\soumi\Work\tools\apache-ant-1.10.0\bin;C:\Users\soumi\Work\tools\php;C:\Users\soumi\AppData\Roaming\Composer\vendor\bin;C:\Users\soumi\Work\tools\phantomjs-2.1.1-windows\bin;C:\Gradle\gradle-4.4.1\bin;C:\Users\soumi\AppData\Local\capsule\apps\net.corda.node.Corda_1.0.0 -Dcapsule.log=1 -Dcapsule.app=net.corda.node.Corda_1.0.0 -Dcapsule.port=56080 -Dname=PartyC-corda.jar -Dcapsule.jvm.args=-agentlib:jdwp=transport=dt_socket,server=y,suspend=n,address=5010 -Dcapsule.dir=C:\Users\soumi\AppData\Local\capsule\apps\net.corda.node.Corda_1.0.0 -Dcapsule.jar=C:\Users\soumi\Documents\CTS\Jan 2018 - Blockchain Hackaton\Corda\obligation-cordapp-master\java-source\build\nodes\PartyC\corda.jar
[INFO ] 2018-01-17T05:39:07,808Z [main] internal.Node.logStartupInfo - Application Args: 
[INFO ] 2018-01-17T05:39:07,808Z [main] internal.Node.logStartupInfo - bootclasspath: C:\Program Files\Java\jre1.8.0_144\lib\resources.jar;C:\Program Files\Java\jre1.8.0_144\lib\rt.jar;C:\Program Files\Java\jre1.8.0_144\lib\sunrsasign.jar;C:\Program Files\Java\jre1.8.0_144\lib\jsse.jar;C:\Program Files\Java\jre1.8.0_144\lib\jce.jar;C:\Program Files\Java\jre1.8.0_144\lib\charsets.jar;C:\Program Files\Java\jre1.8.0_144\lib\jfr.jar;C:\Program Files\Java\jre1.8.0_144\classes
[INFO ] 2018-01-17T05:39:07,808Z [main] internal.Node.logStartupInfo - classpath: C:\Users\soumi\Documents\CTS\Jan 2018 - Blockchain Hackaton\Corda\obligation-cordapp-master\java-source\build\nodes\PartyC\corda.jar;C:\Users\soumi\AppData\Local\capsule\apps\net.corda.node.Corda_1.0.0\jolokia-agent-war-2.0.0-M3.war;C:\Users\soumi\AppData\Local\capsule\apps\net.corda.node.Corda_1.0.0\corda-rpc-1.0.0.jar;C:\Users\soumi\AppData\Local\capsule\apps\net.corda.node.Corda_1.0.0\corda-node-api-1.0.0.jar;C:\Users\soumi\AppData\Local\capsule\apps\net.corda.node.Corda_1.0.0\corda-confidential-identities-1.0.0.jar;C:\Users\soumi\AppData\Local\capsule\apps\net.corda.node.Corda_1.0.0\cordform-common-1.0.0.jar;C:\Users\soumi\AppData\Local\capsule\apps\net.corda.node.Corda_1.0.0\corda-jackson-1.0.0.jar;C:\Users\soumi\AppData\Local\capsule\apps\net.corda.node.Corda_1.0.0\corda-core-1.0.0.jar;C:\Users\soumi\AppData\Local\capsule\apps\net.corda.node.Corda_1.0.0\jsr305-3.0.1.jar;C:\Users\soumi\AppData\Local\capsule\apps\net.corda.node.Corda_1.0.0\log4j-slf4j-impl-2.7.jar;C:\Users\soumi\AppData\Local\capsule\apps\net.corda.node.Corda_1.0.0\log4j-web-2.7.jar;C:\Users\soumi\AppData\Local\capsule\apps\net.corda.node.Corda_1.0.0\jul-to-slf4j-1.7.25.jar;C:\Users\soumi\AppData\Local\capsule\apps\net.corda.node.Corda_1.0.0\kotlin-stdlib-jre8-1.1.4.jar;C:\Users\soumi\AppData\Local\capsule\apps\net.corda.node.Corda_1.0.0\jackson-module-kotlin-2.8.5.jar;C:\Users\soumi\AppData\Local\capsule\apps\net.corda.node.Corda_1.0.0\kotlin-reflect-1.1.4.jar;C:\Users\soumi\AppData\Local\capsule\apps\net.corda.node.Corda_1.0.0\jimfs-1.1.jar;C:\Users\soumi\AppData\Local\capsule\apps\net.corda.node.Corda_1.0.0\artemis-amqp-protocol-2.1.0.jar;C:\Users\soumi\AppData\Local\capsule\apps\net.corda.node.Corda_1.0.0\artemis-server-2.1.0.jar;C:\Users\soumi\AppData\Local\capsule\apps\net.corda.node.Corda_1.0.0\artemis-jdbc-store-2.1.0.jar;C:\Users\soumi\AppData\Local\capsule\apps\net.corda.node.Corda_1.0.0\artemis-jms-client-2.1.0.jar;C:\Users\soumi\AppData\Local\capsule\apps\net.corda.node.Corda_1.0.0\artemis-core-client-2.1.0.jar;C:\Users\soumi\AppData\Local\capsule\apps\net.corda.node.Corda_1.0.0\artemis-journal-2.1.0.jar;C:\Users\soumi\AppData\Local\capsule\apps\net.corda.node.Corda_1.0.0\artemis-commons-2.1.0.jar;C:\Users\soumi\AppData\Local\capsule\apps\net.corda.node.Corda_1.0.0\guava-21.0.jar;C:\Users\soumi\AppData\Local\capsule\apps\net.corda.node.Corda_1.0.0\jopt-simple-5.0.2.jar;C:\Users\soumi\AppData\Local\capsule\apps\net.corda.node.Corda_1.0.0\jansi-1.14.jar;C:\Users\soumi\AppData\Local\capsule\apps\net.corda.node.Corda_1.0.0\jcabi-manifests-1.1.jar;C:\Users\soumi\AppData\Local\capsule\apps\net.corda.node.Corda_1.0.0\forms_rt-7.0.3.jar;C:\Users\soumi\AppData\Local\capsule\apps\net.corda.node.Corda_1.0.0\metrics-core-3.1.2.jar;C:\Users\soumi\AppData\Local\capsule\apps\net.corda.node.Corda_1.0.0\config-1.3.1.jar;C:\Users\soumi\AppData\Local\capsule\apps\net.corda.node.Corda_1.0.0\h2-1.4.194.jar;C:\Users\soumi\AppData\Local\capsule\apps\net.corda.node.Corda_1.0.0\HikariCP-2.5.1.jar;C:\Users\soumi\AppData\Local\capsule\apps\net.corda.node.Corda_1.0.0\hibernate-java8-5.2.6.Final.jar;C:\Users\soumi\AppData\Local\capsule\apps\net.corda.node.Corda_1.0.0\hibernate-core-5.2.6.Final.jar;C:\Users\soumi\AppData\Local\capsule\apps\net.corda.node.Corda_1.0.0\copycat-client-1.2.3.jar;C:\Users\soumi\AppData\Local\capsule\apps\net.corda.node.Corda_1.0.0\copycat-server-1.2.3.jar;C:\Users\soumi\AppData\Local\capsule\apps\net.corda.node.Corda_1.0.0\catalyst-netty-1.1.2.jar;C:\Users\soumi\AppData\Local\capsule\apps\net.corda.node.Corda_1.0.0\netty-all-4.1.9.Final.jar;C:\Users\soumi\AppData\Local\capsule\apps\net.corda.node.Corda_1.0.0\crash.shell-9d242da2a10e686f33a3aefc69e4768824ad0716.jar;C:\Users\soumi\AppData\Local\capsule\apps\net.corda.node.Corda_1.0.0\okhttp-3.5.0.jar;C:\Users\soumi\AppData\Local\capsule\apps\net.corda.node.Corda_1.0.0\commons-codec-1.10.jar;C:\Users\soumi\AppData\Local\capsule\apps\net.corda.node.Corda_1.0.0\library-master-v1.1-beta-g6215ec8-87.jar;C:\Users\soumi\AppData\Local\capsule\apps\net.corda.node.Corda_1.0.0\fast-classpath-scanner-2.0.21.jar;C:\Users\soumi\AppData\Local\capsule\apps\net.corda.node.Corda_1.0.0\quasar-core-0.7.9-jdk8.jar;C:\Users\soumi\AppData\Local\capsule\apps\net.corda.node.Corda_1.0.0\commons-fileupload-1.3.2.jar;C:\Users\soumi\AppData\Local\capsule\apps\net.corda.node.Corda_1.0.0\kryo-serializers-0.41.jar;C:\Users\soumi\AppData\Local\capsule\apps\net.corda.node.Corda_1.0.0\kryo-4.0.0.jar;C:\Users\soumi\AppData\Local\capsule\apps\net.corda.node.Corda_1.0.0\proton-j-0.21.0.jar;C:\Users\soumi\AppData\Local\capsule\apps\net.corda.node.Corda_1.0.0\bcpkix-jdk15on-1.57.jar;C:\Users\soumi\AppData\Local\capsule\apps\net.corda.node.Corda_1.0.0\bcprov-jdk15on-1.57.jar;C:\Users\soumi\AppData\Local\capsule\apps\net.corda.node.Corda_1.0.0\jcabi-log-0.14.jar;C:\Users\soumi\AppData\Local\capsule\apps\net.corda.node.Corda_1.0.0\copycat-protocol-1.2.3.jar;C:\Users\soumi\AppData\Local\capsule\apps\net.corda.node.Corda_1.0.0\catalyst-transport-1.1.2.jar;C:\Users\soumi\AppData\Local\capsule\apps\net.corda.node.Corda_1.0.0\jcl-over-slf4j-1.7.25.jar;C:\Users\soumi\AppData\Local\capsule\apps\net.corda.node.Corda_1.0.0\catalyst-concurrent-1.1.2.jar;C:\Users\soumi\AppData\Local\capsule\apps\net.corda.node.Corda_1.0.0\catalyst-serializer-1.1.2.jar;C:\Users\soumi\AppData\Local\capsule\apps\net.corda.node.Corda_1.0.0\catalyst-buffer-1.1.2.jar;C:\Users\soumi\AppData\Local\capsule\apps\net.corda.node.Corda_1.0.0\catalyst-common-1.1.2.jar;C:\Users\soumi\AppData\Local\capsule\apps\net.corda.node.Corda_1.0.0\slf4j-api-1.7.25.jar;C:\Users\soumi\AppData\Local\capsule\apps\net.corda.node.Corda_1.0.0\log4j-core-2.7.jar;C:\Users\soumi\AppData\Local\capsule\apps\net.corda.node.Corda_1.0.0\log4j-api-2.7.jar;C:\Users\soumi\AppData\Local\capsule\apps\net.corda.node.Corda_1.0.0\kotlin-stdlib-jre7-1.1.4.jar;C:\Users\soumi\AppData\Local\capsule\apps\net.corda.node.Corda_1.0.0\kotlin-stdlib-1.1.4.jar;C:\Users\soumi\AppData\Local\capsule\apps\net.corda.node.Corda_1.0.0\hibernate-commons-annotations-5.0.1.Final.jar;C:\Users\soumi\AppData\Local\capsule\apps\net.corda.node.Corda_1.0.0\artemis-native-2.1.0.jar;C:\Users\soumi\AppData\Local\capsule\apps\net.corda.node.Corda_1.0.0\jboss-logging-3.3.0.Final.jar;C:\Users\soumi\AppData\Local\capsule\apps\net.corda.node.Corda_1.0.0\artemis-selector-2.1.0.jar;C:\Users\soumi\AppData\Local\capsule\apps\net.corda.node.Corda_1.0.0\jgroups-3.6.13.Final.jar;C:\Users\soumi\AppData\Local\capsule\apps\net.corda.node.Corda_1.0.0\geronimo-json_1.0_spec-1.0-alpha-1.jar;C:\Users\soumi\AppData\Local\capsule\apps\net.corda.node.Corda_1.0.0\johnzon-core-0.9.5.jar;C:\Users\soumi\AppData\Local\capsule\apps\net.corda.node.Corda_1.0.0\forms-1.1-preview.jar;C:\Users\soumi\AppData\Local\capsule\apps\net.corda.node.Corda_1.0.0\jdom-1.0.jar;C:\Users\soumi\AppData\Local\capsule\apps\net.corda.node.Corda_1.0.0\jackson-dataformat-yaml-2.8.5.jar;C:\Users\soumi\AppData\Local\capsule\apps\net.corda.node.Corda_1.0.0\jackson-datatype-jsr310-2.8.5.jar;C:\Users\soumi\AppData\Local\capsule\apps\net.corda.node.Corda_1.0.0\hibernate-jpa-2.1-api-1.0.0.Final.jar;C:\Users\soumi\AppData\Local\capsule\apps\net.corda.node.Corda_1.0.0\javassist-3.20.0-GA.jar;C:\Users\soumi\AppData\Local\capsule\apps\net.corda.node.Corda_1.0.0\antlr-2.7.7.jar;C:\Users\soumi\AppData\Local\capsule\apps\net.corda.node.Corda_1.0.0\geronimo-jta_1.1_spec-1.1.1.jar;C:\Users\soumi\AppData\Local\capsule\apps\net.corda.node.Corda_1.0.0\jandex-2.0.3.Final.jar;C:\Users\soumi\AppData\Local\capsule\apps\net.corda.node.Corda_1.0.0\classmate-1.3.0.jar;C:\Users\soumi\AppData\Local\capsule\apps\net.corda.node.Corda_1.0.0\dom4j-1.6.1.jar;C:\Users\soumi\AppData\Local\capsule\apps\net.corda.node.Corda_1.0.0\cdi-api-1.1.jar;C:\Users\soumi\AppData\Local\capsule\apps\net.corda.node.Corda_1.0.0\crash.cli-9d242da2a10e686f33a3aefc69e4768824ad0716.jar;C:\Users\soumi\AppData\Local\capsule\apps\net.corda.node.Corda_1.0.0\groovy-all-1.8.9.jar;C:\Users\soumi\AppData\Local\capsule\apps\net.corda.node.Corda_1.0.0\okio-1.11.0.jar;C:\Users\soumi\AppData\Local\capsule\apps\net.corda.node.Corda_1.0.0\rxjava-1.2.4.jar;C:\Users\soumi\AppData\Local\capsule\apps\net.corda.node.Corda_1.0.0\commons-jexl3-3.0.jar;C:\Users\soumi\AppData\Local\capsule\apps\net.corda.node.Corda_1.0.0\jackson-databind-2.8.5.jar;C:\Users\soumi\AppData\Local\capsule\apps\net.corda.node.Corda_1.0.0\eddsa-0.2.0.jar;C:\Users\soumi\AppData\Local\capsule\apps\net.corda.node.Corda_1.0.0\commons-beanutils-1.9.2.jar;C:\Users\soumi\AppData\Local\capsule\apps\net.corda.node.Corda_1.0.0\commons-io-2.2.jar;C:\Users\soumi\AppData\Local\capsule\apps\net.corda.node.Corda_1.0.0\reflectasm-1.11.3.jar;C:\Users\soumi\AppData\Local\capsule\apps\net.corda.node.Corda_1.0.0\minlog-1.3.0.jar;C:\Users\soumi\AppData\Local\capsule\apps\net.corda.node.Corda_1.0.0\objenesis-2.2.jar;C:\Users\soumi\AppData\Local\capsule\apps\net.corda.node.Corda_1.0.0\annotations-13.0.jar;C:\Users\soumi\AppData\Local\capsule\apps\net.corda.node.Corda_1.0.0\jackson-annotations-2.8.5.jar;C:\Users\soumi\AppData\Local\capsule\apps\net.corda.node.Corda_1.0.0\jackson-core-2.8.5.jar;C:\Users\soumi\AppData\Local\capsule\apps\net.corda.node.Corda_1.0.0\snakeyaml-1.17.jar;C:\Users\soumi\AppData\Local\capsule\apps\net.corda.node.Corda_1.0.0\el-api-2.2.jar;C:\Users\soumi\AppData\Local\capsule\apps\net.corda.node.Corda_1.0.0\jboss-interceptors-api_1.1_spec-1.0.0.Beta1.jar;C:\Users\soumi\AppData\Local\capsule\apps\net.corda.node.Corda_1.0.0\jsr250-api-1.0.jar;C:\Users\soumi\AppData\Local\capsule\apps\net.corda.node.Corda_1.0.0\javax.inject-1.jar;C:\Users\soumi\AppData\Local\capsule\apps\net.corda.node.Corda_1.0.0\geronimo-jms_2.0_spec-1.0-alpha-2.jar;C:\Users\soumi\AppData\Local\capsule\apps\net.corda.node.Corda_1.0.0\commons-collections-3.2.1.jar;C:\Users\soumi\AppData\Local\capsule\apps\net.corda.node.Corda_1.0.0\asm-5.0.4.jar;C:\Users\soumi\AppData\Local\capsule\apps\net.corda.node.Corda_1.0.0\corda-node-1.0.0.jar;C:\Users\soumi\Documents\CTS\Jan 2018 - Blockchain Hackaton\Corda\obligation-cordapp-master\java-source\build\nodes\PartyC\plugins\corda-finance-1.0.0.jar;C:\Users\soumi\Documents\CTS\Jan 2018 - Blockchain Hackaton\Corda\obligation-cordapp-master\java-source\build\nodes\PartyC\plugins\java-source-0.1.jar;C:\Users\soumi\Documents\CTS\Jan 2018 - Blockchain Hackaton\Corda\obligation-cordapp-master\java-source\build\nodes\PartyC\corda.jar;C:\Users\soumi\AppData\Local\capsule\apps\net.corda.node.Corda_1.0.0\quasar-core-0.7.9-jdk8.jar
[INFO ] 2018-01-17T05:39:07,808Z [main] internal.Node.logStartupInfo - VM Java HotSpot(TM) 64-Bit Server VM Oracle Corporation 25.144-b01
[INFO ] 2018-01-17T05:39:07,808Z [main] internal.Node.logStartupInfo - Machine: SOUMIL-PC
[INFO ] 2018-01-17T05:39:07,808Z [main] internal.Node.logStartupInfo - Working Directory: C:\Users\soumi\Documents\CTS\Jan 2018 - Blockchain Hackaton\Corda\obligation-cordapp-master\java-source\build\nodes\PartyC
[INFO ] 2018-01-17T05:39:07,808Z [main] internal.Node.logStartupInfo - Debug port: dt_socket:5010
[INFO ] 2018-01-17T05:39:07,808Z [main] internal.Node.logStartupInfo - Starting as node on localhost:10011
